[2025-03-17 13:26:54,838] {taskinstance.py:1035} INFO - Dependencies all met for <TaskInstance: weather_ingestion.transform_data scheduled__2025-03-17T12:25:52.842007+00:00 [queued]>
[2025-03-17 13:26:54,844] {taskinstance.py:1035} INFO - Dependencies all met for <TaskInstance: weather_ingestion.transform_data scheduled__2025-03-17T12:25:52.842007+00:00 [queued]>
[2025-03-17 13:26:54,844] {taskinstance.py:1241} INFO - 
--------------------------------------------------------------------------------
[2025-03-17 13:26:54,844] {taskinstance.py:1242} INFO - Starting attempt 1 of 2
[2025-03-17 13:26:54,844] {taskinstance.py:1243} INFO - 
--------------------------------------------------------------------------------
[2025-03-17 13:26:54,851] {taskinstance.py:1262} INFO - Executing <Task(PythonOperator): transform_data> on 2025-03-17 12:25:52.842007+00:00
[2025-03-17 13:26:54,854] {standard_task_runner.py:52} INFO - Started process 37293 to run task
[2025-03-17 13:26:54,860] {standard_task_runner.py:76} INFO - Running: ['airflow', 'tasks', 'run', 'weather_ingestion', 'transform_data', 'scheduled__2025-03-17T12:25:52.842007+00:00', '--job-id', '61', '--raw', '--subdir', '/Users/yellow/Desktop/data_engineering/airflow_weather_01/dags/dag_weather.py', '--cfg-path', '/var/folders/7m/b2x3pxpj4h398t57k9hlv4gm0000gn/T/tmp7ly7orh7', '--error-file', '/var/folders/7m/b2x3pxpj4h398t57k9hlv4gm0000gn/T/tmp84_u7qnq']
[2025-03-17 13:26:54,862] {standard_task_runner.py:77} INFO - Job 61: Subtask transform_data
[2025-03-17 13:26:54,895] {logging_mixin.py:109} INFO - Running <TaskInstance: weather_ingestion.transform_data scheduled__2025-03-17T12:25:52.842007+00:00 [running]> on host 147.0.168.192.in-addr.arpa
[2025-03-17 13:26:54,924] {taskinstance.py:1427} INFO - Exporting the following env vars:
AIRFLOW_CTX_DAG_OWNER=airflow
AIRFLOW_CTX_DAG_ID=weather_ingestion
AIRFLOW_CTX_TASK_ID=transform_data
AIRFLOW_CTX_EXECUTION_DATE=2025-03-17T12:25:52.842007+00:00
AIRFLOW_CTX_DAG_RUN_ID=scheduled__2025-03-17T12:25:52.842007+00:00
[2025-03-17 13:26:55,613] {logging_mixin.py:109} INFO -        city    temp  feels_like  temp_min  temp_max  pressure  humidity  sea_level  grnd_level
0    Tehran  296.88      295.54    296.88    297.14      1013         9       1013         863
1    London  280.32      277.14    279.60    281.55      1028        68       1028        1024
2  New York  285.66      285.45    284.24    286.94      1009        95       1009        1007
3     Tokyo  280.96      276.06    279.59    281.94      1009        41       1009        1007
4    Sydney  291.52      291.06    288.57    292.24      1024        63       1024        1018
[2025-03-17 13:26:55,613] {python.py:152} INFO - Done. Returned value was: None
[2025-03-17 13:26:55,619] {taskinstance.py:1270} INFO - Marking task as SUCCESS. dag_id=weather_ingestion, task_id=transform_data, execution_date=20250317T122552, start_date=20250317T122654, end_date=20250317T122655
[2025-03-17 13:26:55,644] {local_task_job.py:154} INFO - Task exited with return code 0
[2025-03-17 13:26:55,665] {local_task_job.py:264} INFO - 1 downstream tasks scheduled from follow-on schedule check
