[2025-03-17 13:43:26,045] {taskinstance.py:1035} INFO - Dependencies all met for <TaskInstance: weather_ingestion.transform_data scheduled__2025-03-17T12:42:23.806621+00:00 [queued]>
[2025-03-17 13:43:26,052] {taskinstance.py:1035} INFO - Dependencies all met for <TaskInstance: weather_ingestion.transform_data scheduled__2025-03-17T12:42:23.806621+00:00 [queued]>
[2025-03-17 13:43:26,053] {taskinstance.py:1241} INFO - 
--------------------------------------------------------------------------------
[2025-03-17 13:43:26,053] {taskinstance.py:1242} INFO - Starting attempt 1 of 2
[2025-03-17 13:43:26,053] {taskinstance.py:1243} INFO - 
--------------------------------------------------------------------------------
[2025-03-17 13:43:26,063] {taskinstance.py:1262} INFO - Executing <Task(PythonOperator): transform_data> on 2025-03-17 12:42:23.806621+00:00
[2025-03-17 13:43:26,066] {standard_task_runner.py:52} INFO - Started process 41604 to run task
[2025-03-17 13:43:26,073] {standard_task_runner.py:76} INFO - Running: ['airflow', 'tasks', 'run', 'weather_ingestion', 'transform_data', 'scheduled__2025-03-17T12:42:23.806621+00:00', '--job-id', '81', '--raw', '--subdir', '/Users/yellow/Desktop/data_engineering/airflow_weather_01/dags/dag_weather.py', '--cfg-path', '/var/folders/7m/b2x3pxpj4h398t57k9hlv4gm0000gn/T/tmpikr8p81b', '--error-file', '/var/folders/7m/b2x3pxpj4h398t57k9hlv4gm0000gn/T/tmp12ray805']
[2025-03-17 13:43:26,075] {standard_task_runner.py:77} INFO - Job 81: Subtask transform_data
[2025-03-17 13:43:26,111] {logging_mixin.py:109} INFO - Running <TaskInstance: weather_ingestion.transform_data scheduled__2025-03-17T12:42:23.806621+00:00 [running]> on host 147.0.168.192.in-addr.arpa
[2025-03-17 13:43:26,149] {taskinstance.py:1427} INFO - Exporting the following env vars:
AIRFLOW_CTX_DAG_OWNER=airflow
AIRFLOW_CTX_DAG_ID=weather_ingestion
AIRFLOW_CTX_TASK_ID=transform_data
AIRFLOW_CTX_EXECUTION_DATE=2025-03-17T12:42:23.806621+00:00
AIRFLOW_CTX_DAG_RUN_ID=scheduled__2025-03-17T12:42:23.806621+00:00
[2025-03-17 13:43:27,039] {logging_mixin.py:109} INFO -        city    temp  feels_like  temp_min  temp_max  pressure  humidity  sea_level  grnd_level
0    Tehran  296.88      295.54    296.88    297.14      1012         9       1012         862
1    London  280.25      277.28    279.60    281.55      1028        68       1028        1024
2  New York  285.82      285.62    284.41    287.02      1010        95       1010        1008
3     Tokyo  280.95      276.05    279.59    281.94      1010        41       1010        1008
4    Sydney  291.30      290.82    288.01    291.88      1024        63       1024        1018
[2025-03-17 13:43:27,040] {python.py:152} INFO - Done. Returned value was: None
[2025-03-17 13:43:27,047] {taskinstance.py:1270} INFO - Marking task as SUCCESS. dag_id=weather_ingestion, task_id=transform_data, execution_date=20250317T124223, start_date=20250317T124326, end_date=20250317T124327
[2025-03-17 13:43:27,071] {local_task_job.py:154} INFO - Task exited with return code 0
[2025-03-17 13:43:27,095] {local_task_job.py:264} INFO - 1 downstream tasks scheduled from follow-on schedule check
